S3TransferUtilitySample/build/outputs/logs/manifest-merger-debug-report.txt
-- Merging decision tree log ---
manifest
ADDED from SDFINAL/S3TransferUtilitySample/AndroidManifest.xml:1:1-46:12
INJECTED from SDFINAL/S3TransferUtilitySample/AndroidManifest.xml:1:1-46:12
INJECTED from SDFINAL/S3TransferUtilitySample/AndroidManifest.xml:1:1-46:12
INJECTED from SDFINAL/S3TransferUtilitySample/AndroidManifest.xml:1:1-46:12
INJECTED from SDFINAL/S3TransferUtilitySample/AndroidManifest.xml:1:1-46:12
	package
		ADDED from SDFINAL/S3TransferUtilitySample/AndroidManifest.xml:2:5-51
	android:versionName
		ADDED from SDFINAL/S3TransferUtilitySample/AndroidManifest.xml:4:5-30
		INJECTED from SDFINAL/S3TransferUtilitySample/AndroidManifest.xml
		INJECTED from SDFINAL/S3TransferUtilitySample/AndroidManifest.xml
	xmlns:android
		ADDED from SDFINAL/S3TransferUtilitySample/AndroidManifest.xml:1:11-69
	android:versionCode
		ADDED from SDFINAL/S3TransferUtilitySample/AndroidManifest.xml:3:5-28
		INJECTED from SDFINAL/S3TransferUtilitySample/AndroidManifest.xml
		INJECTED from SDFINAL/S3TransferUtilitySample/AndroidManifest.xml
uses-sdk
ADDED from SDFINAL/S3TransferUtilitySample/AndroidManifest.xml:6:5-8:41
INJECTED from SDFINAL/S3TransferUtilitySample/AndroidManifest.xml:6:5-8:41
INJECTED from SDFINAL/S3TransferUtilitySample/AndroidManifest.xml:6:5-8:41
INJECTED from SDFINAL/S3TransferUtilitySample/AndroidManifest.xml:6:5-8:41
INJECTED from SDFINAL/S3TransferUtilitySample/AndroidManifest.xml:6:5-8:41
	android:targetSdkVersion
		ADDED from SDFINAL/S3TransferUtilitySample/AndroidManifest.xml:8:9-38
		INJECTED from SDFINAL/S3TransferUtilitySample/AndroidManifest.xml
		INJECTED from SDFINAL/S3TransferUtilitySample/AndroidManifest.xml
	android:minSdkVersion
		ADDED from SDFINAL/S3TransferUtilitySample/AndroidManifest.xml:7:9-35
		INJECTED from SDFINAL/S3TransferUtilitySample/AndroidManifest.xml
		INJECTED from SDFINAL/S3TransferUtilitySample/AndroidManifest.xml
uses-permission#android.permission.ACCESS_COARSE_LOCATION
ADDED from SDFINAL/S3TransferUtilitySample/AndroidManifest.xml:10:5-81
	android:name
		ADDED from SDFINAL/S3TransferUtilitySample/AndroidManifest.xml:10:22-78
uses-permission#android.permission.ACCESS_WIFI_STATE
ADDED from SDFINAL/S3TransferUtilitySample/AndroidManifest.xml:11:5-76
	android:name
		ADDED from SDFINAL/S3TransferUtilitySample/AndroidManifest.xml:11:22-73
uses-permission#android.permission.CHANGE_WIFI_STATE
ADDED from SDFINAL/S3TransferUtilitySample/AndroidManifest.xml:12:5-76
	android:name
		ADDED from SDFINAL/S3TransferUtilitySample/AndroidManifest.xml:12:22-73
uses-permission#android.permission.INTERNET
ADDED from SDFINAL/S3TransferUtilitySample/AndroidManifest.xml:13:5-67
	android:name
		ADDED from SDFINAL/S3TransferUtilitySample/AndroidManifest.xml:13:22-64
uses-permission#android.permission.ACCESS_NETWORK_STATE
ADDED from SDFINAL/S3TransferUtilitySample/AndroidManifest.xml:14:5-79
	android:name
		ADDED from SDFINAL/S3TransferUtilitySample/AndroidManifest.xml:14:22-76
uses-permission#android.permission.READ_EXTERNAL_STORAGE
ADDED from SDFINAL/S3TransferUtilitySample/AndroidManifest.xml:17:5-80
	android:name
		ADDED from SDFINAL/S3TransferUtilitySample/AndroidManifest.xml:17:22-77
uses-permission#android.permission.WRITE_EXTERNAL_STORAGE
ADDED from SDFINAL/S3TransferUtilitySample/AndroidManifest.xml:18:5-81
	android:name
		ADDED from SDFINAL/S3TransferUtilitySample/AndroidManifest.xml:18:22-78
application
ADDED from SDFINAL/S3TransferUtilitySample/AndroidManifest.xml:20:5-44:19
	android:label
		ADDED from SDFINAL/S3TransferUtilitySample/AndroidManifest.xml:23:9-41
	android:icon
		ADDED from SDFINAL/S3TransferUtilitySample/AndroidManifest.xml:22:9-45
	android:allowBackup
		ADDED from SDFINAL/S3TransferUtilitySample/AndroidManifest.xml:21:9-35
activity#com.amazonaws.demo.s3transferutility.MainActivity
ADDED from SDFINAL/S3TransferUtilitySample/AndroidManifest.xml:24:9-30:20
	android:name
		ADDED from SDFINAL/S3TransferUtilitySample/AndroidManifest.xml:24:19-83
intent-filter#android.intent.action.MAIN+android.intent.category.LAUNCHER
ADDED from SDFINAL/S3TransferUtilitySample/AndroidManifest.xml:25:13-29:29
action#android.intent.action.MAIN
ADDED from SDFINAL/S3TransferUtilitySample/AndroidManifest.xml:26:17-69
	android:name
		ADDED from SDFINAL/S3TransferUtilitySample/AndroidManifest.xml:26:25-66
category#android.intent.category.LAUNCHER
ADDED from SDFINAL/S3TransferUtilitySample/AndroidManifest.xml:28:17-77
	android:name
		ADDED from SDFINAL/S3TransferUtilitySample/AndroidManifest.xml:28:27-74
activity#com.amazonaws.demo.s3transferutility.DownloadActivity
ADDED from SDFINAL/S3TransferUtilitySample/AndroidManifest.xml:31:9-33:57
	android:label
		ADDED from SDFINAL/S3TransferUtilitySample/AndroidManifest.xml:33:13-54
	android:name
		ADDED from SDFINAL/S3TransferUtilitySample/AndroidManifest.xml:32:13-81
activity#com.amazonaws.demo.s3transferutility.UploadActivity
ADDED from SDFINAL/S3TransferUtilitySample/AndroidManifest.xml:34:9-36:55
	android:label
		ADDED from SDFINAL/S3TransferUtilitySample/AndroidManifest.xml:36:13-52
	android:name
		ADDED from SDFINAL/S3TransferUtilitySample/AndroidManifest.xml:35:13-79
activity#com.amazonaws.demo.s3transferutility.DownloadSelectionActivity
ADDED from SDFINAL/S3TransferUtilitySample/AndroidManifest.xml:37:9-39:67
	android:label
		ADDED from SDFINAL/S3TransferUtilitySample/AndroidManifest.xml:39:13-64
	android:name
		ADDED from SDFINAL/S3TransferUtilitySample/AndroidManifest.xml:38:13-90
service#com.amazonaws.mobileconnectors.s3.transferutility.TransferService
ADDED from SDFINAL/S3TransferUtilitySample/AndroidManifest.xml:41:9-43:38
	android:enabled
		ADDED from SDFINAL/S3TransferUtilitySample/AndroidManifest.xml:43:13-35
	android:name
		ADDED from SDFINAL/S3TransferUtilitySample/AndroidManifest.xml:42:13-93